<?xml version="1.0" encoding="UTF-8"?>
<!-- Generated by org.testng.reporters.JUnitReportReporter -->
<testsuite hostname="LAPTOP-AB4DQV5L" failures="0" tests="3" name="LoginTests.ValidCredentialsLoginTest" time="5.169" errors="0" timestamp="2024-01-11T10:47:16 IST" skipped="0">
  <testcase classname="LoginTests.ValidCredentialsLoginTest" name="verifyBStackDemoAddToCart" time="4.141"/>
  <system-out/>
  <testcase classname="LoginTests.ValidCredentialsLoginTest" name="verifyBStackDemoLogo" time="0.568"/>
  <system-out/>
  <testcase classname="LoginTests.ValidCredentialsLoginTest" name="verifyBStackDemoTitle" time="0.460"/>
  <system-out/>
</testsuite> <!-- LoginTests.ValidCredentialsLoginTest -->
